Release 13.3 - xst O.76xd (nt)
Copyright (c) 1995-2011 Xilinx, Inc.  All rights reserved.
--> Parameter TMPDIR set to xst/projnav.tmp


Total REAL time to Xst completion: 0.00 secs
Total CPU time to Xst completion: 0.19 secs
 
--> Parameter xsthdpdir set to xst


Total REAL time to Xst completion: 0.00 secs
Total CPU time to Xst completion: 0.19 secs
 
--> Reading design: CAM_Wrapper.prj

TABLE OF CONTENTS
  1) Synthesis Options Summary
  2) HDL Parsing
  3) HDL Elaboration
  4) HDL Synthesis
       4.1) HDL Synthesis Report
  5) Advanced HDL Synthesis
       5.1) Advanced HDL Synthesis Report
  6) Low Level Synthesis
  7) Partition Report
  8) Design Summary
       8.1) Primitive and Black Box Usage
       8.2) Device utilization summary
       8.3) Partition Resource Summary
       8.4) Timing Report
            8.4.1) Clock Information
            8.4.2) Asynchronous Control Signals Information
            8.4.3) Timing Summary
            8.4.4) Timing Details
            8.4.5) Cross Clock Domains Report


=========================================================================
*                      Synthesis Options Summary                        *
=========================================================================
---- Source Parameters
Input File Name                    : "CAM_Wrapper.prj"
Ignore Synthesis Constraint File   : NO

---- Target Parameters
Output File Name                   : "CAM_Wrapper"
Output Format                      : NGC
Target Device                      : xc6vlx240t-1-ff1156

---- Source Options
Top Module Name                    : CAM_Wrapper
Automatic FSM Extraction           : YES
FSM Encoding Algorithm             : Auto
Safe Implementation                : No
FSM Style                          : LUT
RAM Extraction                     : Yes
RAM Style                          : Auto
ROM Extraction                     : Yes
Shift Register Extraction          : YES
ROM Style                          : Auto
Resource Sharing                   : YES
Asynchronous To Synchronous        : NO
Shift Register Minimum Size        : 2
Use DSP Block                      : Auto
Automatic Register Balancing       : No

---- Target Options
LUT Combining                      : Auto
Reduce Control Sets                : Auto
Add IO Buffers                     : YES
Global Maximum Fanout              : 100000
Add Generic Clock Buffer(BUFG)     : 32
Register Duplication               : YES
Optimize Instantiated Primitives   : NO
Use Clock Enable                   : Auto
Use Synchronous Set                : Auto
Use Synchronous Reset              : Auto
Pack IO Registers into IOBs        : Auto
Equivalent register Removal        : YES

---- General Options
Optimization Goal                  : Speed
Optimization Effort                : 1
Power Reduction                    : NO
Keep Hierarchy                     : No
Netlist Hierarchy                  : As_Optimized
RTL Output                         : Yes
Global Optimization                : AllClockNets
Read Cores                         : YES
Write Timing Constraints           : NO
Cross Clock Analysis               : NO
Hierarchy Separator                : /
Bus Delimiter                      : <>
Case Specifier                     : Maintain
Slice Utilization Ratio            : 100
BRAM Utilization Ratio             : 100
DSP48 Utilization Ratio            : 100
Auto BRAM Packing                  : NO
Slice Utilization Ratio Delta      : 5

=========================================================================


=========================================================================
*                          HDL Parsing                                  *
=========================================================================
Parsing VHDL file "C:\Documents and Settings\Embedded Systems Lab\Desktop\lab6_binary_cam_cell\CAM_Cell.vhd" into library work
Parsing entity <CAM_Cell>.
Parsing architecture <Binary_CAM_Cell> of entity <cam_cell>.
Parsing VHDL file "C:\Documents and Settings\Embedded Systems Lab\Desktop\lab6_binary_cam_cell\CAM_Row.vhd" into library work
Parsing entity <CAM_Row>.
Parsing architecture <Binary_CAM_Row> of entity <cam_row>.
Parsing VHDL file "C:\Documents and Settings\Embedded Systems Lab\Desktop\lab6_binary_cam_cell\CAM_Array.vhd" into library work
Parsing entity <CAM_Array>.
Parsing architecture <Behavioral> of entity <cam_array>.
Parsing VHDL file "C:\Documents and Settings\Embedded Systems Lab\Desktop\lab6_binary_cam_cell\CAM_Wrapper.vhd" into library work
Parsing entity <CAM_Wrapper>.
Parsing architecture <Behavioral> of entity <cam_wrapper>.

=========================================================================
*                            HDL Elaboration                            *
=========================================================================

Elaborating entity <CAM_Wrapper> (architecture <Behavioral>) with generics from library <work>.

Elaborating entity <CAM_Array> (architecture <Behavioral>) with generics from library <work>.

Elaborating entity <CAM_Row> (architecture <Binary_CAM_Row>) with generics from library <work>.

Elaborating entity <CAM_Cell> (architecture <Binary_CAM_Cell>) from library <work>.

=========================================================================
*                           HDL Synthesis                               *
=========================================================================

Synthesizing Unit <CAM_Wrapper>.
    Related source file is "c:/documents and settings/embedded systems lab/desktop/lab6_binary_cam_cell/cam_wrapper.vhd".
        CAM_WIDTH = 128
        CAM_DEPTH = 8
    Found 8-bit register for signal <we_decoded_row_address_buffered>.
    Found 128-bit register for signal <search_word_buffered>.
    Found 128-bit register for signal <dont_care_mask_buffered>.
    Found 8-bit register for signal <decoded_match_address>.
    Found 1-bit register for signal <rst_buffered>.
    Summary:
	inferred 273 D-type flip-flop(s).
Unit <CAM_Wrapper> synthesized.

Synthesizing Unit <CAM_Array>.
    Related source file is "c:/documents and settings/embedded systems lab/desktop/lab6_binary_cam_cell/cam_array.vhd".
        CAM_WIDTH = 128
        CAM_DEPTH = 8
    Summary:
	no macro.
Unit <CAM_Array> synthesized.

Synthesizing Unit <CAM_Row>.
    Related source file is "c:/documents and settings/embedded systems lab/desktop/lab6_binary_cam_cell/cam_row.vhd".
        CAM_WIDTH = 128
    Summary:
	no macro.
Unit <CAM_Row> synthesized.

Synthesizing Unit <CAM_Cell>.
    Related source file is "c:/documents and settings/embedded systems lab/desktop/lab6_binary_cam_cell/cam_cell.vhd".
WARNING:Xst:647 - Input <cell_dont_care_bit> is never used. This port will be preserved and left unconnected if it belongs to a top-level block or it belongs to a sub-block and the hierarchy of this sub-block is preserved.
    Found 1-bit register for signal <sb_sig>.
    Summary:
	inferred   1 D-type flip-flop(s).
Unit <CAM_Cell> synthesized.

=========================================================================
HDL Synthesis Report

Macro Statistics
# Registers                                            : 1029
 1-bit register                                        : 1025
 128-bit register                                      : 2
 8-bit register                                        : 2
# Xors                                                 : 1024
 1-bit xor2                                            : 1024

=========================================================================

=========================================================================
*                       Advanced HDL Synthesis                          *
=========================================================================


=========================================================================
Advanced HDL Synthesis Report

Macro Statistics
# Registers                                            : 1297
 Flip-Flops                                            : 1297
# Xors                                                 : 1024
 1-bit xor2                                            : 1024

=========================================================================

=========================================================================
*                         Low Level Synthesis                           *
=========================================================================

Optimizing unit <CAM_Wrapper> ...

Optimizing unit <CAM_Array> ...
WARNING:Xst:2677 - Node <dont_care_mask_buffered_0> of sequential type is unconnected in block <CAM_Wrapper>.
WARNING:Xst:2677 - Node <dont_care_mask_buffered_1> of sequential type is unconnected in block <CAM_Wrapper>.
WARNING:Xst:2677 - Node <dont_care_mask_buffered_2> of sequential type is unconnected in block <CAM_Wrapper>.
WARNING:Xst:2677 - Node <dont_care_mask_buffered_3> of sequential type is unconnected in block <CAM_Wrapper>.
WARNING:Xst:2677 - Node <dont_care_mask_buffered_4> of sequential type is unconnected in block <CAM_Wrapper>.
WARNING:Xst:2677 - Node <dont_care_mask_buffered_5> of sequential type is unconnected in block <CAM_Wrapper>.
WARNING:Xst:2677 - Node <dont_care_mask_buffered_6> of sequential type is unconnected in block <CAM_Wrapper>.
WARNING:Xst:2677 - Node <dont_care_mask_buffered_7> of sequential type is unconnected in block <CAM_Wrapper>.
WARNING:Xst:2677 - Node <dont_care_mask_buffered_8> of sequential type is unconnected in block <CAM_Wrapper>.
WARNING:Xst:2677 - Node <dont_care_mask_buffered_9> of sequential type is unconnected in block <CAM_Wrapper>.
WARNING:Xst:2677 - Node <dont_care_mask_buffered_10> of sequential type is unconnected in block <CAM_Wrapper>.
WARNING:Xst:2677 - Node <dont_care_mask_buffered_11> of sequential type is unconnected in block <CAM_Wrapper>.
WARNING:Xst:2677 - Node <dont_care_mask_buffered_12> of sequential type is unconnected in block <CAM_Wrapper>.
WARNING:Xst:2677 - Node <dont_care_mask_buffered_13> of sequential type is unconnected in block <CAM_Wrapper>.
WARNING:Xst:2677 - Node <dont_care_mask_buffered_14> of sequential type is unconnected in block <CAM_Wrapper>.
WARNING:Xst:2677 - Node <dont_care_mask_buffered_15> of sequential type is unconnected in block <CAM_Wrapper>.
WARNING:Xst:2677 - Node <dont_care_mask_buffered_16> of sequential type is unconnected in block <CAM_Wrapper>.
WARNING:Xst:2677 - Node <dont_care_mask_buffered_17> of sequential type is unconnected in block <CAM_Wrapper>.
WARNING:Xst:2677 - Node <dont_care_mask_buffered_18> of sequential type is unconnected in block <CAM_Wrapper>.
WARNING:Xst:2677 - Node <dont_care_mask_buffered_19> of sequential type is unconnected in block <CAM_Wrapper>.
WARNING:Xst:2677 - Node <dont_care_mask_buffered_20> of sequential type is unconnected in block <CAM_Wrapper>.
WARNING:Xst:2677 - Node <dont_care_mask_buffered_21> of sequential type is unconnected in block <CAM_Wrapper>.
WARNING:Xst:2677 - Node <dont_care_mask_buffered_22> of sequential type is unconnected in block <CAM_Wrapper>.
WARNING:Xst:2677 - Node <dont_care_mask_buffered_23> of sequential type is unconnected in block <CAM_Wrapper>.
WARNING:Xst:2677 - Node <dont_care_mask_buffered_24> of sequential type is unconnected in block <CAM_Wrapper>.
WARNING:Xst:2677 - Node <dont_care_mask_buffered_25> of sequential type is unconnected in block <CAM_Wrapper>.
WARNING:Xst:2677 - Node <dont_care_mask_buffered_26> of sequential type is unconnected in block <CAM_Wrapper>.
WARNING:Xst:2677 - Node <dont_care_mask_buffered_27> of sequential type is unconnected in block <CAM_Wrapper>.
WARNING:Xst:2677 - Node <dont_care_mask_buffered_28> of sequential type is unconnected in block <CAM_Wrapper>.
WARNING:Xst:2677 - Node <dont_care_mask_buffered_29> of sequential type is unconnected in block <CAM_Wrapper>.
WARNING:Xst:2677 - Node <dont_care_mask_buffered_30> of sequential type is unconnected in block <CAM_Wrapper>.
WARNING:Xst:2677 - Node <dont_care_mask_buffered_31> of sequential type is unconnected in block <CAM_Wrapper>.
WARNING:Xst:2677 - Node <dont_care_mask_buffered_32> of sequential type is unconnected in block <CAM_Wrapper>.
WARNING:Xst:2677 - Node <dont_care_mask_buffered_33> of sequential type is unconnected in block <CAM_Wrapper>.
WARNING:Xst:2677 - Node <dont_care_mask_buffered_34> of sequential type is unconnected in block <CAM_Wrapper>.
WARNING:Xst:2677 - Node <dont_care_mask_buffered_35> of sequential type is unconnected in block <CAM_Wrapper>.
WARNING:Xst:2677 - Node <dont_care_mask_buffered_36> of sequential type is unconnected in block <CAM_Wrapper>.
WARNING:Xst:2677 - Node <dont_care_mask_buffered_37> of sequential type is unconnected in block <CAM_Wrapper>.
WARNING:Xst:2677 - Node <dont_care_mask_buffered_38> of sequential type is unconnected in block <CAM_Wrapper>.
WARNING:Xst:2677 - Node <dont_care_mask_buffered_39> of sequential type is unconnected in block <CAM_Wrapper>.
WARNING:Xst:2677 - Node <dont_care_mask_buffered_40> of sequential type is unconnected in block <CAM_Wrapper>.
WARNING:Xst:2677 - Node <dont_care_mask_buffered_41> of sequential type is unconnected in block <CAM_Wrapper>.
WARNING:Xst:2677 - Node <dont_care_mask_buffered_42> of sequential type is unconnected in block <CAM_Wrapper>.
WARNING:Xst:2677 - Node <dont_care_mask_buffered_43> of sequential type is unconnected in block <CAM_Wrapper>.
WARNING:Xst:2677 - Node <dont_care_mask_buffered_44> of sequential type is unconnected in block <CAM_Wrapper>.
WARNING:Xst:2677 - Node <dont_care_mask_buffered_45> of sequential type is unconnected in block <CAM_Wrapper>.
WARNING:Xst:2677 - Node <dont_care_mask_buffered_46> of sequential type is unconnected in block <CAM_Wrapper>.
WARNING:Xst:2677 - Node <dont_care_mask_buffered_47> of sequential type is unconnected in block <CAM_Wrapper>.
WARNING:Xst:2677 - Node <dont_care_mask_buffered_48> of sequential type is unconnected in block <CAM_Wrapper>.
WARNING:Xst:2677 - Node <dont_care_mask_buffered_49> of sequential type is unconnected in block <CAM_Wrapper>.
WARNING:Xst:2677 - Node <dont_care_mask_buffered_50> of sequential type is unconnected in block <CAM_Wrapper>.
WARNING:Xst:2677 - Node <dont_care_mask_buffered_51> of sequential type is unconnected in block <CAM_Wrapper>.
WARNING:Xst:2677 - Node <dont_care_mask_buffered_52> of sequential type is unconnected in block <CAM_Wrapper>.
WARNING:Xst:2677 - Node <dont_care_mask_buffered_53> of sequential type is unconnected in block <CAM_Wrapper>.
WARNING:Xst:2677 - Node <dont_care_mask_buffered_54> of sequential type is unconnected in block <CAM_Wrapper>.
WARNING:Xst:2677 - Node <dont_care_mask_buffered_55> of sequential type is unconnected in block <CAM_Wrapper>.
WARNING:Xst:2677 - Node <dont_care_mask_buffered_56> of sequential type is unconnected in block <CAM_Wrapper>.
WARNING:Xst:2677 - Node <dont_care_mask_buffered_57> of sequential type is unconnected in block <CAM_Wrapper>.
WARNING:Xst:2677 - Node <dont_care_mask_buffered_58> of sequential type is unconnected in block <CAM_Wrapper>.
WARNING:Xst:2677 - Node <dont_care_mask_buffered_59> of sequential type is unconnected in block <CAM_Wrapper>.
WARNING:Xst:2677 - Node <dont_care_mask_buffered_60> of sequential type is unconnected in block <CAM_Wrapper>.
WARNING:Xst:2677 - Node <dont_care_mask_buffered_61> of sequential type is unconnected in block <CAM_Wrapper>.
WARNING:Xst:2677 - Node <dont_care_mask_buffered_62> of sequential type is unconnected in block <CAM_Wrapper>.
WARNING:Xst:2677 - Node <dont_care_mask_buffered_63> of sequential type is unconnected in block <CAM_Wrapper>.
WARNING:Xst:2677 - Node <dont_care_mask_buffered_64> of sequential type is unconnected in block <CAM_Wrapper>.
WARNING:Xst:2677 - Node <dont_care_mask_buffered_65> of sequential type is unconnected in block <CAM_Wrapper>.
WARNING:Xst:2677 - Node <dont_care_mask_buffered_66> of sequential type is unconnected in block <CAM_Wrapper>.
WARNING:Xst:2677 - Node <dont_care_mask_buffered_67> of sequential type is unconnected in block <CAM_Wrapper>.
WARNING:Xst:2677 - Node <dont_care_mask_buffered_68> of sequential type is unconnected in block <CAM_Wrapper>.
WARNING:Xst:2677 - Node <dont_care_mask_buffered_69> of sequential type is unconnected in block <CAM_Wrapper>.
WARNING:Xst:2677 - Node <dont_care_mask_buffered_70> of sequential type is unconnected in block <CAM_Wrapper>.
WARNING:Xst:2677 - Node <dont_care_mask_buffered_71> of sequential type is unconnected in block <CAM_Wrapper>.
WARNING:Xst:2677 - Node <dont_care_mask_buffered_72> of sequential type is unconnected in block <CAM_Wrapper>.
WARNING:Xst:2677 - Node <dont_care_mask_buffered_73> of sequential type is unconnected in block <CAM_Wrapper>.
WARNING:Xst:2677 - Node <dont_care_mask_buffered_74> of sequential type is unconnected in block <CAM_Wrapper>.
WARNING:Xst:2677 - Node <dont_care_mask_buffered_75> of sequential type is unconnected in block <CAM_Wrapper>.
WARNING:Xst:2677 - Node <dont_care_mask_buffered_76> of sequential type is unconnected in block <CAM_Wrapper>.
WARNING:Xst:2677 - Node <dont_care_mask_buffered_77> of sequential type is unconnected in block <CAM_Wrapper>.
WARNING:Xst:2677 - Node <dont_care_mask_buffered_78> of sequential type is unconnected in block <CAM_Wrapper>.
WARNING:Xst:2677 - Node <dont_care_mask_buffered_79> of sequential type is unconnected in block <CAM_Wrapper>.
WARNING:Xst:2677 - Node <dont_care_mask_buffered_80> of sequential type is unconnected in block <CAM_Wrapper>.
WARNING:Xst:2677 - Node <dont_care_mask_buffered_81> of sequential type is unconnected in block <CAM_Wrapper>.
WARNING:Xst:2677 - Node <dont_care_mask_buffered_82> of sequential type is unconnected in block <CAM_Wrapper>.
WARNING:Xst:2677 - Node <dont_care_mask_buffered_83> of sequential type is unconnected in block <CAM_Wrapper>.
WARNING:Xst:2677 - Node <dont_care_mask_buffered_84> of sequential type is unconnected in block <CAM_Wrapper>.
WARNING:Xst:2677 - Node <dont_care_mask_buffered_85> of sequential type is unconnected in block <CAM_Wrapper>.
WARNING:Xst:2677 - Node <dont_care_mask_buffered_86> of sequential type is unconnected in block <CAM_Wrapper>.
WARNING:Xst:2677 - Node <dont_care_mask_buffered_87> of sequential type is unconnected in block <CAM_Wrapper>.
WARNING:Xst:2677 - Node <dont_care_mask_buffered_88> of sequential type is unconnected in block <CAM_Wrapper>.
WARNING:Xst:2677 - Node <dont_care_mask_buffered_89> of sequential type is unconnected in block <CAM_Wrapper>.
WARNING:Xst:2677 - Node <dont_care_mask_buffered_90> of sequential type is unconnected in block <CAM_Wrapper>.
WARNING:Xst:2677 - Node <dont_care_mask_buffered_91> of sequential type is unconnected in block <CAM_Wrapper>.
WARNING:Xst:2677 - Node <dont_care_mask_buffered_92> of sequential type is unconnected in block <CAM_Wrapper>.
WARNING:Xst:2677 - Node <dont_care_mask_buffered_93> of sequential type is unconnected in block <CAM_Wrapper>.
WARNING:Xst:2677 - Node <dont_care_mask_buffered_94> of sequential type is unconnected in block <CAM_Wrapper>.
WARNING:Xst:2677 - Node <dont_care_mask_buffered_95> of sequential type is unconnected in block <CAM_Wrapper>.
WARNING:Xst:2677 - Node <dont_care_mask_buffered_96> of sequential type is unconnected in block <CAM_Wrapper>.
WARNING:Xst:2677 - Node <dont_care_mask_buffered_97> of sequential type is unconnected in block <CAM_Wrapper>.
WARNING:Xst:2677 - Node <dont_care_mask_buffered_98> of sequential type is unconnected in block <CAM_Wrapper>.
WARNING:Xst:2677 - Node <dont_care_mask_buffered_99> of sequential type is unconnected in block <CAM_Wrapper>.
WARNING:Xst:2677 - Node <dont_care_mask_buffered_100> of sequential type is unconnected in block <CAM_Wrapper>.
WARNING:Xst:2677 - Node <dont_care_mask_buffered_101> of sequential type is unconnected in block <CAM_Wrapper>.
WARNING:Xst:2677 - Node <dont_care_mask_buffered_102> of sequential type is unconnected in block <CAM_Wrapper>.
WARNING:Xst:2677 - Node <dont_care_mask_buffered_103> of sequential type is unconnected in block <CAM_Wrapper>.
WARNING:Xst:2677 - Node <dont_care_mask_buffered_104> of sequential type is unconnected in block <CAM_Wrapper>.
WARNING:Xst:2677 - Node <dont_care_mask_buffered_105> of sequential type is unconnected in block <CAM_Wrapper>.
WARNING:Xst:2677 - Node <dont_care_mask_buffered_106> of sequential type is unconnected in block <CAM_Wrapper>.
WARNING:Xst:2677 - Node <dont_care_mask_buffered_107> of sequential type is unconnected in block <CAM_Wrapper>.
WARNING:Xst:2677 - Node <dont_care_mask_buffered_108> of sequential type is unconnected in block <CAM_Wrapper>.
WARNING:Xst:2677 - Node <dont_care_mask_buffered_109> of sequential type is unconnected in block <CAM_Wrapper>.
WARNING:Xst:2677 - Node <dont_care_mask_buffered_110> of sequential type is unconnected in block <CAM_Wrapper>.
WARNING:Xst:2677 - Node <dont_care_mask_buffered_111> of sequential type is unconnected in block <CAM_Wrapper>.
WARNING:Xst:2677 - Node <dont_care_mask_buffered_112> of sequential type is unconnected in block <CAM_Wrapper>.
WARNING:Xst:2677 - Node <dont_care_mask_buffered_113> of sequential type is unconnected in block <CAM_Wrapper>.
WARNING:Xst:2677 - Node <dont_care_mask_buffered_114> of sequential type is unconnected in block <CAM_Wrapper>.
WARNING:Xst:2677 - Node <dont_care_mask_buffered_115> of sequential type is unconnected in block <CAM_Wrapper>.
WARNING:Xst:2677 - Node <dont_care_mask_buffered_116> of sequential type is unconnected in block <CAM_Wrapper>.
WARNING:Xst:2677 - Node <dont_care_mask_buffered_117> of sequential type is unconnected in block <CAM_Wrapper>.
WARNING:Xst:2677 - Node <dont_care_mask_buffered_118> of sequential type is unconnected in block <CAM_Wrapper>.
WARNING:Xst:2677 - Node <dont_care_mask_buffered_119> of sequential type is unconnected in block <CAM_Wrapper>.
WARNING:Xst:2677 - Node <dont_care_mask_buffered_120> of sequential type is unconnected in block <CAM_Wrapper>.
WARNING:Xst:2677 - Node <dont_care_mask_buffered_121> of sequential type is unconnected in block <CAM_Wrapper>.
WARNING:Xst:2677 - Node <dont_care_mask_buffered_122> of sequential type is unconnected in block <CAM_Wrapper>.
WARNING:Xst:2677 - Node <dont_care_mask_buffered_123> of sequential type is unconnected in block <CAM_Wrapper>.
WARNING:Xst:2677 - Node <dont_care_mask_buffered_124> of sequential type is unconnected in block <CAM_Wrapper>.
WARNING:Xst:2677 - Node <dont_care_mask_buffered_125> of sequential type is unconnected in block <CAM_Wrapper>.
WARNING:Xst:2677 - Node <dont_care_mask_buffered_126> of sequential type is unconnected in block <CAM_Wrapper>.
WARNING:Xst:2677 - Node <dont_care_mask_buffered_127> of sequential type is unconnected in block <CAM_Wrapper>.

Mapping all equations...
Building and optimizing final netlist ...
Found area constraint ratio of 100 (+ 5) on block CAM_Wrapper, actual ratio is 1.

Final Macro Processing ...

=========================================================================
Final Register Report

Macro Statistics
# Registers                                            : 1169
 Flip-Flops                                            : 1169

=========================================================================

=========================================================================
*                           Partition Report                            *
=========================================================================

Partition Implementation Status
-------------------------------

  No Partitions were found in this design.

-------------------------------

=========================================================================
*                            Design Summary                             *
=========================================================================

Top Level Output File Name         : CAM_Wrapper.ngc

Primitive and Black Box Usage:
------------------------------
# BELS                             : 690
#      GND                         : 1
#      LUT4                        : 8
#      LUT6                        : 336
#      MUXCY                       : 344
#      VCC                         : 1
# FlipFlops/Latches                : 1169
#      FD                          : 145
#      FDRE                        : 1024
# Clock Buffers                    : 1
#      BUFGP                       : 1
# IO Buffers                       : 145
#      IBUF                        : 137
#      OBUF                        : 8

Device utilization summary:
---------------------------

Selected Device : 6vlx240tff1156-1 


Slice Logic Utilization: 
 Number of Slice Registers:            1169  out of  301440     0%  
 Number of Slice LUTs:                  344  out of  150720     0%  
    Number used as Logic:               344  out of  150720     0%  

Slice Logic Distribution: 
 Number of LUT Flip Flop pairs used:   1513
   Number with an unused Flip Flop:     344  out of   1513    22%  
   Number with an unused LUT:          1169  out of   1513    77%  
   Number of fully used LUT-FF pairs:     0  out of   1513     0%  
   Number of unique control sets:         9

IO Utilization: 
 Number of IOs:                         274
 Number of bonded IOBs:                 146  out of    600    24%  

Specific Feature Utilization:
 Number of BUFG/BUFGCTRLs:                1  out of     32     3%  

---------------------------
Partition Resource Summary:
---------------------------

  No Partitions were found in this design.

---------------------------


=========================================================================
Timing Report

NOTE: THESE TIMING NUMBERS ARE ONLY A SYNTHESIS ESTIMATE.
      FOR ACCURATE TIMING INFORMATION PLEASE REFER TO THE TRACE REPORT
      GENERATED AFTER PLACE-and-ROUTE.

Clock Information:
------------------
-----------------------------------+------------------------+-------+
Clock Signal                       | Clock buffer(FF name)  | Load  |
-----------------------------------+------------------------+-------+
clk                                | BUFGP                  | 1169  |
-----------------------------------+------------------------+-------+

Asynchronous Control Signals Information:
----------------------------------------
No asynchronous control signals found in this design

Timing Summary:
---------------
Speed Grade: -1

   Minimum period: 2.401ns (Maximum Frequency: 416.580MHz)
   Minimum input arrival time before clock: 0.413ns
   Maximum output required time after clock: 0.777ns
   Maximum combinational path delay: No path found

Timing Details:
---------------
All values displayed in nanoseconds (ns)

=========================================================================
Timing constraint: Default period analysis for Clock 'clk'
  Clock period: 2.401ns (frequency: 416.580MHz)
  Total number of paths / destination ports: 5120 / 3080
-------------------------------------------------------------------------
Delay:               2.401ns (Levels of Logic = 43)
  Source:            CAM_Array_pmX/gen_arr[0].row_unit/gen_row[5].gen_row/sb_sig (FF)
  Destination:       decoded_match_address_buffered_0 (FF)
  Source Clock:      clk rising
  Destination Clock: clk rising

  Data Path: CAM_Array_pmX/gen_arr[0].row_unit/gen_row[5].gen_row/sb_sig to decoded_match_address_buffered_0
                                Gate     Net
    Cell:in->out      fanout   Delay   Delay  Logical Name (Net Name)
    ----------------------------------------  ------------
     FDRE:C->Q             1   0.375   0.778  CAM_Array_pmX/gen_arr[0].row_unit/gen_row[5].gen_row/sb_sig (CAM_Array_pmX/gen_arr[0].row_unit/gen_row[5].gen_row/sb_sig)
     LUT6:I0->O            1   0.068   0.000  CAM_Array_pmX/gen_arr[0].row_unit/gen_row[127].gen_row/cell_match_bit_out_wg_lut<1> (CAM_Array_pmX/gen_arr[0].row_unit/gen_row[127].gen_row/cell_match_bit_out_wg_lut<1>)
     MUXCY:S->O            1   0.290   0.000  CAM_Array_pmX/gen_arr[0].row_unit/gen_row[127].gen_row/cell_match_bit_out_wg_cy<1> (CAM_Array_pmX/gen_arr[0].row_unit/gen_row[127].gen_row/cell_match_bit_out_wg_cy<1>)
     MUXCY:CI->O           1   0.020   0.000  CAM_Array_pmX/gen_arr[0].row_unit/gen_row[127].gen_row/cell_match_bit_out_wg_cy<2> (CAM_Array_pmX/gen_arr[0].row_unit/gen_row[127].gen_row/cell_match_bit_out_wg_cy<2>)
     MUXCY:CI->O           1   0.020   0.000  CAM_Array_pmX/gen_arr[0].row_unit/gen_row[127].gen_row/cell_match_bit_out_wg_cy<3> (CAM_Array_pmX/gen_arr[0].row_unit/gen_row[127].gen_row/cell_match_bit_out_wg_cy<3>)
     MUXCY:CI->O           1   0.020   0.000  CAM_Array_pmX/gen_arr[0].row_unit/gen_row[127].gen_row/cell_match_bit_out_wg_cy<4> (CAM_Array_pmX/gen_arr[0].row_unit/gen_row[127].gen_row/cell_match_bit_out_wg_cy<4>)
     MUXCY:CI->O           1   0.020   0.000  CAM_Array_pmX/gen_arr[0].row_unit/gen_row[127].gen_row/cell_match_bit_out_wg_cy<5> (CAM_Array_pmX/gen_arr[0].row_unit/gen_row[127].gen_row/cell_match_bit_out_wg_cy<5>)
     MUXCY:CI->O           1   0.020   0.000  CAM_Array_pmX/gen_arr[0].row_unit/gen_row[127].gen_row/cell_match_bit_out_wg_cy<6> (CAM_Array_pmX/gen_arr[0].row_unit/gen_row[127].gen_row/cell_match_bit_out_wg_cy<6>)
     MUXCY:CI->O           1   0.020   0.000  CAM_Array_pmX/gen_arr[0].row_unit/gen_row[127].gen_row/cell_match_bit_out_wg_cy<7> (CAM_Array_pmX/gen_arr[0].row_unit/gen_row[127].gen_row/cell_match_bit_out_wg_cy<7>)
     MUXCY:CI->O           1   0.020   0.000  CAM_Array_pmX/gen_arr[0].row_unit/gen_row[127].gen_row/cell_match_bit_out_wg_cy<8> (CAM_Array_pmX/gen_arr[0].row_unit/gen_row[127].gen_row/cell_match_bit_out_wg_cy<8>)
     MUXCY:CI->O           1   0.020   0.000  CAM_Array_pmX/gen_arr[0].row_unit/gen_row[127].gen_row/cell_match_bit_out_wg_cy<9> (CAM_Array_pmX/gen_arr[0].row_unit/gen_row[127].gen_row/cell_match_bit_out_wg_cy<9>)
     MUXCY:CI->O           1   0.020   0.000  CAM_Array_pmX/gen_arr[0].row_unit/gen_row[127].gen_row/cell_match_bit_out_wg_cy<10> (CAM_Array_pmX/gen_arr[0].row_unit/gen_row[127].gen_row/cell_match_bit_out_wg_cy<10>)
     MUXCY:CI->O           1   0.020   0.000  CAM_Array_pmX/gen_arr[0].row_unit/gen_row[127].gen_row/cell_match_bit_out_wg_cy<11> (CAM_Array_pmX/gen_arr[0].row_unit/gen_row[127].gen_row/cell_match_bit_out_wg_cy<11>)
     MUXCY:CI->O           1   0.020   0.000  CAM_Array_pmX/gen_arr[0].row_unit/gen_row[127].gen_row/cell_match_bit_out_wg_cy<12> (CAM_Array_pmX/gen_arr[0].row_unit/gen_row[127].gen_row/cell_match_bit_out_wg_cy<12>)
     MUXCY:CI->O           1   0.020   0.000  CAM_Array_pmX/gen_arr[0].row_unit/gen_row[127].gen_row/cell_match_bit_out_wg_cy<13> (CAM_Array_pmX/gen_arr[0].row_unit/gen_row[127].gen_row/cell_match_bit_out_wg_cy<13>)
     MUXCY:CI->O           1   0.020   0.000  CAM_Array_pmX/gen_arr[0].row_unit/gen_row[127].gen_row/cell_match_bit_out_wg_cy<14> (CAM_Array_pmX/gen_arr[0].row_unit/gen_row[127].gen_row/cell_match_bit_out_wg_cy<14>)
     MUXCY:CI->O           1   0.020   0.000  CAM_Array_pmX/gen_arr[0].row_unit/gen_row[127].gen_row/cell_match_bit_out_wg_cy<15> (CAM_Array_pmX/gen_arr[0].row_unit/gen_row[127].gen_row/cell_match_bit_out_wg_cy<15>)
     MUXCY:CI->O           1   0.020   0.000  CAM_Array_pmX/gen_arr[0].row_unit/gen_row[127].gen_row/cell_match_bit_out_wg_cy<16> (CAM_Array_pmX/gen_arr[0].row_unit/gen_row[127].gen_row/cell_match_bit_out_wg_cy<16>)
     MUXCY:CI->O           1   0.020   0.000  CAM_Array_pmX/gen_arr[0].row_unit/gen_row[127].gen_row/cell_match_bit_out_wg_cy<17> (CAM_Array_pmX/gen_arr[0].row_unit/gen_row[127].gen_row/cell_match_bit_out_wg_cy<17>)
     MUXCY:CI->O           1   0.020   0.000  CAM_Array_pmX/gen_arr[0].row_unit/gen_row[127].gen_row/cell_match_bit_out_wg_cy<18> (CAM_Array_pmX/gen_arr[0].row_unit/gen_row[127].gen_row/cell_match_bit_out_wg_cy<18>)
     MUXCY:CI->O           1   0.020   0.000  CAM_Array_pmX/gen_arr[0].row_unit/gen_row[127].gen_row/cell_match_bit_out_wg_cy<19> (CAM_Array_pmX/gen_arr[0].row_unit/gen_row[127].gen_row/cell_match_bit_out_wg_cy<19>)
     MUXCY:CI->O           1   0.020   0.000  CAM_Array_pmX/gen_arr[0].row_unit/gen_row[127].gen_row/cell_match_bit_out_wg_cy<20> (CAM_Array_pmX/gen_arr[0].row_unit/gen_row[127].gen_row/cell_match_bit_out_wg_cy<20>)
     MUXCY:CI->O           1   0.020   0.000  CAM_Array_pmX/gen_arr[0].row_unit/gen_row[127].gen_row/cell_match_bit_out_wg_cy<21> (CAM_Array_pmX/gen_arr[0].row_unit/gen_row[127].gen_row/cell_match_bit_out_wg_cy<21>)
     MUXCY:CI->O           1   0.019   0.000  CAM_Array_pmX/gen_arr[0].row_unit/gen_row[127].gen_row/cell_match_bit_out_wg_cy<22> (CAM_Array_pmX/gen_arr[0].row_unit/gen_row[127].gen_row/cell_match_bit_out_wg_cy<22>)
     MUXCY:CI->O           1   0.019   0.000  CAM_Array_pmX/gen_arr[0].row_unit/gen_row[127].gen_row/cell_match_bit_out_wg_cy<23> (CAM_Array_pmX/gen_arr[0].row_unit/gen_row[127].gen_row/cell_match_bit_out_wg_cy<23>)
     MUXCY:CI->O           1   0.019   0.000  CAM_Array_pmX/gen_arr[0].row_unit/gen_row[127].gen_row/cell_match_bit_out_wg_cy<24> (CAM_Array_pmX/gen_arr[0].row_unit/gen_row[127].gen_row/cell_match_bit_out_wg_cy<24>)
     MUXCY:CI->O           1   0.019   0.000  CAM_Array_pmX/gen_arr[0].row_unit/gen_row[127].gen_row/cell_match_bit_out_wg_cy<25> (CAM_Array_pmX/gen_arr[0].row_unit/gen_row[127].gen_row/cell_match_bit_out_wg_cy<25>)
     MUXCY:CI->O           1   0.019   0.000  CAM_Array_pmX/gen_arr[0].row_unit/gen_row[127].gen_row/cell_match_bit_out_wg_cy<26> (CAM_Array_pmX/gen_arr[0].row_unit/gen_row[127].gen_row/cell_match_bit_out_wg_cy<26>)
     MUXCY:CI->O           1   0.019   0.000  CAM_Array_pmX/gen_arr[0].row_unit/gen_row[127].gen_row/cell_match_bit_out_wg_cy<27> (CAM_Array_pmX/gen_arr[0].row_unit/gen_row[127].gen_row/cell_match_bit_out_wg_cy<27>)
     MUXCY:CI->O           1   0.019   0.000  CAM_Array_pmX/gen_arr[0].row_unit/gen_row[127].gen_row/cell_match_bit_out_wg_cy<28> (CAM_Array_pmX/gen_arr[0].row_unit/gen_row[127].gen_row/cell_match_bit_out_wg_cy<28>)
     MUXCY:CI->O           1   0.019   0.000  CAM_Array_pmX/gen_arr[0].row_unit/gen_row[127].gen_row/cell_match_bit_out_wg_cy<29> (CAM_Array_pmX/gen_arr[0].row_unit/gen_row[127].gen_row/cell_match_bit_out_wg_cy<29>)
     MUXCY:CI->O           1   0.019   0.000  CAM_Array_pmX/gen_arr[0].row_unit/gen_row[127].gen_row/cell_match_bit_out_wg_cy<30> (CAM_Array_pmX/gen_arr[0].row_unit/gen_row[127].gen_row/cell_match_bit_out_wg_cy<30>)
     MUXCY:CI->O           1   0.019   0.000  CAM_Array_pmX/gen_arr[0].row_unit/gen_row[127].gen_row/cell_match_bit_out_wg_cy<31> (CAM_Array_pmX/gen_arr[0].row_unit/gen_row[127].gen_row/cell_match_bit_out_wg_cy<31>)
     MUXCY:CI->O           1   0.019   0.000  CAM_Array_pmX/gen_arr[0].row_unit/gen_row[127].gen_row/cell_match_bit_out_wg_cy<32> (CAM_Array_pmX/gen_arr[0].row_unit/gen_row[127].gen_row/cell_match_bit_out_wg_cy<32>)
     MUXCY:CI->O           1   0.019   0.000  CAM_Array_pmX/gen_arr[0].row_unit/gen_row[127].gen_row/cell_match_bit_out_wg_cy<33> (CAM_Array_pmX/gen_arr[0].row_unit/gen_row[127].gen_row/cell_match_bit_out_wg_cy<33>)
     MUXCY:CI->O           1   0.019   0.000  CAM_Array_pmX/gen_arr[0].row_unit/gen_row[127].gen_row/cell_match_bit_out_wg_cy<34> (CAM_Array_pmX/gen_arr[0].row_unit/gen_row[127].gen_row/cell_match_bit_out_wg_cy<34>)
     MUXCY:CI->O           1   0.020   0.000  CAM_Array_pmX/gen_arr[0].row_unit/gen_row[127].gen_row/cell_match_bit_out_wg_cy<35> (CAM_Array_pmX/gen_arr[0].row_unit/gen_row[127].gen_row/cell_match_bit_out_wg_cy<35>)
     MUXCY:CI->O           1   0.020   0.000  CAM_Array_pmX/gen_arr[0].row_unit/gen_row[127].gen_row/cell_match_bit_out_wg_cy<36> (CAM_Array_pmX/gen_arr[0].row_unit/gen_row[127].gen_row/cell_match_bit_out_wg_cy<36>)
     MUXCY:CI->O           1   0.020   0.000  CAM_Array_pmX/gen_arr[0].row_unit/gen_row[127].gen_row/cell_match_bit_out_wg_cy<37> (CAM_Array_pmX/gen_arr[0].row_unit/gen_row[127].gen_row/cell_match_bit_out_wg_cy<37>)
     MUXCY:CI->O           1   0.020   0.000  CAM_Array_pmX/gen_arr[0].row_unit/gen_row[127].gen_row/cell_match_bit_out_wg_cy<38> (CAM_Array_pmX/gen_arr[0].row_unit/gen_row[127].gen_row/cell_match_bit_out_wg_cy<38>)
     MUXCY:CI->O           1   0.020   0.000  CAM_Array_pmX/gen_arr[0].row_unit/gen_row[127].gen_row/cell_match_bit_out_wg_cy<39> (CAM_Array_pmX/gen_arr[0].row_unit/gen_row[127].gen_row/cell_match_bit_out_wg_cy<39>)
     MUXCY:CI->O           1   0.020   0.000  CAM_Array_pmX/gen_arr[0].row_unit/gen_row[127].gen_row/cell_match_bit_out_wg_cy<40> (CAM_Array_pmX/gen_arr[0].row_unit/gen_row[127].gen_row/cell_match_bit_out_wg_cy<40>)
     MUXCY:CI->O           1   0.020   0.000  CAM_Array_pmX/gen_arr[0].row_unit/gen_row[127].gen_row/cell_match_bit_out_wg_cy<41> (CAM_Array_pmX/gen_arr[0].row_unit/gen_row[127].gen_row/cell_match_bit_out_wg_cy<41>)
     MUXCY:CI->O           1   0.099   0.000  CAM_Array_pmX/gen_arr[0].row_unit/gen_row[127].gen_row/cell_match_bit_out_wg_cy<42> (decoded_match_address_sig<0>)
     FD:D                      0.011          decoded_match_address_buffered_0
    ----------------------------------------
    Total                      2.401ns (1.623ns logic, 0.778ns route)
                                       (67.6% logic, 32.4% route)

=========================================================================
Timing constraint: Default OFFSET IN BEFORE for Clock 'clk'
  Total number of paths / destination ports: 137 / 137
-------------------------------------------------------------------------
Offset:              0.413ns (Levels of Logic = 1)
  Source:            we_decoded_row_address<0> (PAD)
  Destination:       we_decoded_row_address_buffered_0 (FF)
  Destination Clock: clk rising

  Data Path: we_decoded_row_address<0> to we_decoded_row_address_buffered_0
                                Gate     Net
    Cell:in->out      fanout   Delay   Delay  Logical Name (Net Name)
    ----------------------------------------  ------------
     IBUF:I->O             1   0.003   0.399  we_decoded_row_address_0_IBUF (we_decoded_row_address_0_IBUF)
     FD:D                      0.011          we_decoded_row_address_buffered_0
    ----------------------------------------
    Total                      0.413ns (0.014ns logic, 0.399ns route)
                                       (3.4% logic, 96.6% route)

=========================================================================
Timing constraint: Default OFFSET OUT AFTER for Clock 'clk'
  Total number of paths / destination ports: 8 / 8
-------------------------------------------------------------------------
Offset:              0.777ns (Levels of Logic = 1)
  Source:            decoded_match_address_buffered_7 (FF)
  Destination:       decoded_match_address<7> (PAD)
  Source Clock:      clk rising

  Data Path: decoded_match_address_buffered_7 to decoded_match_address<7>
                                Gate     Net
    Cell:in->out      fanout   Delay   Delay  Logical Name (Net Name)
    ----------------------------------------  ------------
     FD:C->Q               1   0.375   0.399  decoded_match_address_buffered_7 (decoded_match_address_buffered_7)
     OBUF:I->O                 0.003          decoded_match_address_7_OBUF (decoded_match_address<7>)
    ----------------------------------------
    Total                      0.777ns (0.378ns logic, 0.399ns route)
                                       (48.6% logic, 51.4% route)

=========================================================================

Cross Clock Domains Report:
--------------------------

Clock to Setup on destination clock clk
---------------+---------+---------+---------+---------+
               | Src:Rise| Src:Fall| Src:Rise| Src:Fall|
Source Clock   |Dest:Rise|Dest:Rise|Dest:Fall|Dest:Fall|
---------------+---------+---------+---------+---------+
clk            |    2.401|         |         |         |
---------------+---------+---------+---------+---------+

=========================================================================


Total REAL time to Xst completion: 22.00 secs
Total CPU time to Xst completion: 21.23 secs
 
--> 

Total memory usage is 157632 kilobytes

Number of errors   :    0 (   0 filtered)
Number of warnings :  129 (   0 filtered)
Number of infos    :    0 (   0 filtered)

