Release 13.3 - xst O.76xd (nt)
Copyright (c) 1995-2011 Xilinx, Inc.  All rights reserved.
--> Parameter TMPDIR set to xst/projnav.tmp


Total REAL time to Xst completion: 1.00 secs
Total CPU time to Xst completion: 0.19 secs
 
--> Parameter xsthdpdir set to xst


Total REAL time to Xst completion: 1.00 secs
Total CPU time to Xst completion: 0.19 secs
 
--> Reading design: my_ALU.prj

TABLE OF CONTENTS
  1) Synthesis Options Summary
  2) HDL Parsing
  3) HDL Elaboration
  4) HDL Synthesis
       4.1) HDL Synthesis Report
  5) Advanced HDL Synthesis
       5.1) Advanced HDL Synthesis Report
  6) Low Level Synthesis
  7) Partition Report
  8) Design Summary
       8.1) Primitive and Black Box Usage
       8.2) Device utilization summary
       8.3) Partition Resource Summary
       8.4) Timing Report
            8.4.1) Clock Information
            8.4.2) Asynchronous Control Signals Information
            8.4.3) Timing Summary
            8.4.4) Timing Details
            8.4.5) Cross Clock Domains Report


=========================================================================
*                      Synthesis Options Summary                        *
=========================================================================
---- Source Parameters
Input File Name                    : "my_ALU.prj"
Ignore Synthesis Constraint File   : NO

---- Target Parameters
Output File Name                   : "my_ALU"
Output Format                      : NGC
Target Device                      : xc6vlx240t-1-ff1156

---- Source Options
Top Module Name                    : my_ALU
Automatic FSM Extraction           : YES
FSM Encoding Algorithm             : Auto
Safe Implementation                : No
FSM Style                          : LUT
RAM Extraction                     : Yes
RAM Style                          : Auto
ROM Extraction                     : Yes
Shift Register Extraction          : YES
ROM Style                          : Auto
Resource Sharing                   : YES
Asynchronous To Synchronous        : NO
Shift Register Minimum Size        : 2
Use DSP Block                      : Auto
Automatic Register Balancing       : No

---- Target Options
LUT Combining                      : Auto
Reduce Control Sets                : Auto
Add IO Buffers                     : YES
Global Maximum Fanout              : 100000
Add Generic Clock Buffer(BUFG)     : 32
Register Duplication               : YES
Optimize Instantiated Primitives   : NO
Use Clock Enable                   : Auto
Use Synchronous Set                : Auto
Use Synchronous Reset              : Auto
Pack IO Registers into IOBs        : Auto
Equivalent register Removal        : YES

---- General Options
Optimization Goal                  : Speed
Optimization Effort                : 1
Power Reduction                    : NO
Keep Hierarchy                     : No
Netlist Hierarchy                  : As_Optimized
RTL Output                         : Yes
Global Optimization                : AllClockNets
Read Cores                         : YES
Write Timing Constraints           : NO
Cross Clock Analysis               : NO
Hierarchy Separator                : /
Bus Delimiter                      : <>
Case Specifier                     : Maintain
Slice Utilization Ratio            : 100
BRAM Utilization Ratio             : 100
DSP48 Utilization Ratio            : 100
Auto BRAM Packing                  : NO
Slice Utilization Ratio Delta      : 5

=========================================================================


=========================================================================
*                          HDL Parsing                                  *
=========================================================================
Parsing VHDL file "C:\Documents and Settings\Embedded Systems Lab\Desktop\lab1_alu\lab1_alu.vhd" into library work
Parsing entity <my_ALU>.
Parsing architecture <Behavioral> of entity <my_alu>.

=========================================================================
*                            HDL Elaboration                            *
=========================================================================

Elaborating entity <my_ALU> (architecture <Behavioral>) with generics from library <work>.

=========================================================================
*                           HDL Synthesis                               *
=========================================================================

Synthesizing Unit <my_ALU>.
    Related source file is "c:/documents and settings/embedded systems lab/desktop/lab1_alu/lab1_alu.vhd".
        NUMBITS = 4
    Found 5-bit adder for signal <GND_5_o_GND_5_o_add_2_OUT> created at line 44.
    Found 5-bit adder for signal <n0154> created at line 55.
    Found 5-bit adder for signal <A[3]_B[3]_add_6_OUT> created at line 55.
    Found 5-bit adder for signal <A[3]_GND_5_o_add_9_OUT> created at line 56.
    Found 4-bit adder for signal <B[3]_GND_5_o_add_18_OUT> created at line 86.
    Found 5-bit subtractor for signal <GND_5_o_GND_5_o_sub_13_OUT<4:0>> created at line 74.
    Found 5-bit subtractor for signal <GND_5_o_GND_5_o_sub_20_OUT<4:0>> created at line 86.
    Found 5-bit 8-to-1 multiplexer for signal <_n0169> created at line 126.
    Found 1-bit 7-to-1 multiplexer for signal <result_sig[4]_GND_5_o_MUX_23_o> created at line 41.
    Found 1-bit 7-to-1 multiplexer for signal <result_sig[4]_GND_5_o_MUX_31_o> created at line 41.
    Found 1-bit 7-to-1 multiplexer for signal <result_sig[4]_GND_5_o_MUX_39_o> created at line 41.
    Found 1-bit 7-to-1 multiplexer for signal <result_sig[4]_GND_5_o_MUX_47_o> created at line 41.
    Found 1-bit 7-to-1 multiplexer for signal <ALU.result_var[4]_GND_5_o_MUX_55_o> created at line 41.
    Summary:
	inferred   7 Adder/Subtractor(s).
	inferred  29 Multiplexer(s).
Unit <my_ALU> synthesized.

=========================================================================
HDL Synthesis Report

Macro Statistics
# Adders/Subtractors                                   : 7
 4-bit adder                                           : 1
 5-bit adder                                           : 4
 5-bit subtractor                                      : 2
# Multiplexers                                         : 29
 1-bit 2-to-1 multiplexer                              : 15
 1-bit 7-to-1 multiplexer                              : 5
 5-bit 2-to-1 multiplexer                              : 9
# Xors                                                 : 1
 5-bit xor2                                            : 1

=========================================================================
INFO:Xst:1767 - HDL ADVISOR - Resource sharing has identified that some arithmetic operations in this design can share the same physical resources for reduced device utilization. For improved clock frequency you may try to disable resource sharing.

=========================================================================
*                       Advanced HDL Synthesis                          *
=========================================================================


=========================================================================
Advanced HDL Synthesis Report

Macro Statistics
# Adders/Subtractors                                   : 6
 4-bit adder                                           : 1
 5-bit adder                                           : 2
 5-bit adder carry in                                  : 1
 5-bit subtractor                                      : 2
# Multiplexers                                         : 29
 1-bit 2-to-1 multiplexer                              : 15
 1-bit 7-to-1 multiplexer                              : 5
 5-bit 2-to-1 multiplexer                              : 9
# Xors                                                 : 1
 5-bit xor2                                            : 1

=========================================================================

=========================================================================
*                         Low Level Synthesis                           *
=========================================================================

Optimizing unit <my_ALU> ...

Mapping all equations...
Building and optimizing final netlist ...
Found area constraint ratio of 100 (+ 5) on block my_ALU, actual ratio is 0.

Final Macro Processing ...

=========================================================================
Final Register Report

Found no macro
=========================================================================

=========================================================================
*                           Partition Report                            *
=========================================================================

Partition Implementation Status
-------------------------------

  No Partitions were found in this design.

-------------------------------

=========================================================================
*                            Design Summary                             *
=========================================================================

Top Level Output File Name         : my_ALU.ngc

Primitive and Black Box Usage:
------------------------------
# BELS                             : 53
#      LUT2                        : 11
#      LUT3                        : 3
#      LUT4                        : 6
#      LUT5                        : 5
#      LUT6                        : 22
#      MUXF7                       : 6
# IO Buffers                       : 18
#      IBUF                        : 11
#      OBUF                        : 7

Device utilization summary:
---------------------------

Selected Device : 6vlx240tff1156-1 


Slice Logic Utilization: 
 Number of Slice LUTs:                   47  out of  150720     0%  
    Number used as Logic:                47  out of  150720     0%  

Slice Logic Distribution: 
 Number of LUT Flip Flop pairs used:     47
   Number with an unused Flip Flop:      47  out of     47   100%  
   Number with an unused LUT:             0  out of     47     0%  
   Number of fully used LUT-FF pairs:     0  out of     47     0%  
   Number of unique control sets:         0

IO Utilization: 
 Number of IOs:                          18
 Number of bonded IOBs:                  18  out of    600     3%  

Specific Feature Utilization:

---------------------------
Partition Resource Summary:
---------------------------

  No Partitions were found in this design.

---------------------------


=========================================================================
Timing Report

NOTE: THESE TIMING NUMBERS ARE ONLY A SYNTHESIS ESTIMATE.
      FOR ACCURATE TIMING INFORMATION PLEASE REFER TO THE TRACE REPORT
      GENERATED AFTER PLACE-and-ROUTE.

Clock Information:
------------------
No clock signals found in this design

Asynchronous Control Signals Information:
----------------------------------------
No asynchronous control signals found in this design

Timing Summary:
---------------
Speed Grade: -1

   Minimum period: No path found
   Minimum input arrival time before clock: No path found
   Maximum output required time after clock: No path found
   Maximum combinational path delay: 4.468ns

Timing Details:
---------------
All values displayed in nanoseconds (ns)

=========================================================================
Timing constraint: Default path analysis
  Total number of paths / destination ports: 396 / 7
-------------------------------------------------------------------------
Delay:               4.468ns (Levels of Logic = 7)
  Source:            B<1> (PAD)
  Destination:       zero (PAD)

  Data Path: B<1> to zero
                                Gate     Net
    Cell:in->out      fanout   Delay   Delay  Logical Name (Net Name)
    ----------------------------------------  ------------
     IBUF:I->O            16   0.003   0.873  B_1_IBUF (B_1_IBUF)
     LUT6:I1->O            3   0.068   0.789  Msub_GND_5_o_GND_5_o_sub_20_OUT<4:0>_cy<2>11 (Msub_GND_5_o_GND_5_o_sub_20_OUT<4:0>_cy<2>)
     LUT6:I1->O            3   0.068   0.789  Mmux_result_sig[4]_GND_5_o_MUX_25_o121 (Mmux_result_sig[4]_GND_5_o_MUX_25_o12)
     LUT6:I1->O            2   0.068   0.781  Mmux__n01693_rs_lut<3>1 (Mmux__n01693_rs_lut<3>)
     LUT5:I0->O            1   0.068   0.491  _n0211<0>7 (_n0211<0>6)
     LUT3:I1->O            1   0.068   0.399  _n0211<0>9 (zero_OBUF)
     OBUF:I->O                 0.003          zero_OBUF (zero)
    ----------------------------------------
    Total                      4.468ns (0.346ns logic, 4.122ns route)
                                       (7.7% logic, 92.3% route)

=========================================================================

Cross Clock Domains Report:
--------------------------

=========================================================================


Total REAL time to Xst completion: 9.00 secs
Total CPU time to Xst completion: 8.91 secs
 
--> 

Total memory usage is 155456 kilobytes

Number of errors   :    0 (   0 filtered)
Number of warnings :    0 (   0 filtered)
Number of infos    :    1 (   0 filtered)

