Release 13.3 - xst O.76xd (nt)
Copyright (c) 1995-2011 Xilinx, Inc.  All rights reserved.
--> Parameter TMPDIR set to xst/projnav.tmp


Total REAL time to Xst completion: 1.00 secs
Total CPU time to Xst completion: 0.17 secs
 
--> Parameter xsthdpdir set to xst


Total REAL time to Xst completion: 1.00 secs
Total CPU time to Xst completion: 0.19 secs
 
--> Reading design: my_converter.prj

TABLE OF CONTENTS
  1) Synthesis Options Summary
  2) HDL Parsing
  3) HDL Elaboration
  4) HDL Synthesis
       4.1) HDL Synthesis Report
  5) Advanced HDL Synthesis
       5.1) Advanced HDL Synthesis Report
  6) Low Level Synthesis
  7) Partition Report
  8) Design Summary
       8.1) Primitive and Black Box Usage
       8.2) Device utilization summary
       8.3) Partition Resource Summary
       8.4) Timing Report
            8.4.1) Clock Information
            8.4.2) Asynchronous Control Signals Information
            8.4.3) Timing Summary
            8.4.4) Timing Details
            8.4.5) Cross Clock Domains Report


=========================================================================
*                      Synthesis Options Summary                        *
=========================================================================
---- Source Parameters
Input File Name                    : "my_converter.prj"
Ignore Synthesis Constraint File   : NO

---- Target Parameters
Output File Name                   : "my_converter"
Output Format                      : NGC
Target Device                      : xc6vlx240t-1-ff1156

---- Source Options
Top Module Name                    : my_converter
Automatic FSM Extraction           : YES
FSM Encoding Algorithm             : Auto
Safe Implementation                : No
FSM Style                          : LUT
RAM Extraction                     : Yes
RAM Style                          : Auto
ROM Extraction                     : Yes
Shift Register Extraction          : YES
ROM Style                          : Auto
Resource Sharing                   : YES
Asynchronous To Synchronous        : NO
Shift Register Minimum Size        : 2
Use DSP Block                      : Auto
Automatic Register Balancing       : No

---- Target Options
LUT Combining                      : Auto
Reduce Control Sets                : Auto
Add IO Buffers                     : YES
Global Maximum Fanout              : 100000
Add Generic Clock Buffer(BUFG)     : 32
Register Duplication               : YES
Optimize Instantiated Primitives   : NO
Use Clock Enable                   : Auto
Use Synchronous Set                : Auto
Use Synchronous Reset              : Auto
Pack IO Registers into IOBs        : Auto
Equivalent register Removal        : YES

---- General Options
Optimization Goal                  : Speed
Optimization Effort                : 1
Power Reduction                    : NO
Keep Hierarchy                     : No
Netlist Hierarchy                  : As_Optimized
RTL Output                         : Yes
Global Optimization                : AllClockNets
Read Cores                         : YES
Write Timing Constraints           : NO
Cross Clock Analysis               : NO
Hierarchy Separator                : /
Bus Delimiter                      : <>
Case Specifier                     : Maintain
Slice Utilization Ratio            : 100
BRAM Utilization Ratio             : 100
DSP48 Utilization Ratio            : 100
Auto BRAM Packing                  : NO
Slice Utilization Ratio Delta      : 5

=========================================================================


=========================================================================
*                          HDL Parsing                                  *
=========================================================================
Parsing VHDL file "C:\Documents and Settings\Embedded Systems Lab\Desktop\my_converter_jeff\my_converter\my_converter.vhd" into library work
Parsing entity <my_converter>.
Parsing architecture <Behavioral> of entity <my_converter>.

=========================================================================
*                            HDL Elaboration                            *
=========================================================================

Elaborating entity <my_converter> (architecture <Behavioral>) with generics from library <work>.

=========================================================================
*                           HDL Synthesis                               *
=========================================================================

Synthesizing Unit <my_converter>.
    Related source file is "c:/documents and settings/embedded systems lab/desktop/my_converter_jeff/my_converter/my_converter.vhd".
        numbits = 32
    Found 39-bit adder for signal <neg_signal_to_shift_5[38]_GND_6_o_add_20_OUT> created at line 209.
    Found 8-bit subtractor for signal <GND_6_o_GND_6_o_sub_4_OUT<7:0>> created at line 81.
    Found 8-bit subtractor for signal <GND_6_o_GND_6_o_sub_5_OUT<7:0>> created at line 84.
    Found 8-bit comparator greater for signal <GND_6_o_exponent[7]_LessThan_3_o> created at line 80
    Found 8-bit comparator lessequal for signal <GND_6_o_shift_enable[7]_LessThan_7_o> created at line 89
    Found 8-bit comparator lessequal for signal <GND_6_o_shift_enable[7]_LessThan_8_o> created at line 98
    Summary:
	inferred   2 Adder/Subtractor(s).
	inferred   3 Comparator(s).
	inferred  14 Multiplexer(s).
Unit <my_converter> synthesized.

=========================================================================
HDL Synthesis Report

Macro Statistics
# Adders/Subtractors                                   : 2
 39-bit adder                                          : 1
 8-bit subtractor                                      : 1
# Comparators                                          : 3
 8-bit comparator greater                              : 1
 8-bit comparator lessequal                            : 2
# Multiplexers                                         : 14
 32-bit 2-to-1 multiplexer                             : 1
 39-bit 2-to-1 multiplexer                             : 11
 8-bit 2-to-1 multiplexer                              : 2

=========================================================================
INFO:Xst:1767 - HDL ADVISOR - Resource sharing has identified that some arithmetic operations in this design can share the same physical resources for reduced device utilization. For improved clock frequency you may try to disable resource sharing.

=========================================================================
*                       Advanced HDL Synthesis                          *
=========================================================================


=========================================================================
Advanced HDL Synthesis Report

Macro Statistics
# Adders/Subtractors                                   : 2
 39-bit adder                                          : 1
 8-bit subtractor                                      : 1
# Comparators                                          : 3
 8-bit comparator greater                              : 1
 8-bit comparator lessequal                            : 2
# Multiplexers                                         : 14
 32-bit 2-to-1 multiplexer                             : 1
 39-bit 2-to-1 multiplexer                             : 11
 8-bit 2-to-1 multiplexer                              : 2

=========================================================================

=========================================================================
*                         Low Level Synthesis                           *
=========================================================================

Optimizing unit <my_converter> ...

Mapping all equations...
Building and optimizing final netlist ...
Found area constraint ratio of 100 (+ 5) on block my_converter, actual ratio is 0.

Final Macro Processing ...

=========================================================================
Final Register Report

Found no macro
=========================================================================

=========================================================================
*                           Partition Report                            *
=========================================================================

Partition Implementation Status
-------------------------------

  No Partitions were found in this design.

-------------------------------

=========================================================================
*                            Design Summary                             *
=========================================================================

Top Level Output File Name         : my_converter.ngc

Primitive and Black Box Usage:
------------------------------
# BELS                             : 311
#      GND                         : 1
#      INV                         : 1
#      LUT1                        : 7
#      LUT2                        : 12
#      LUT3                        : 9
#      LUT4                        : 28
#      LUT5                        : 33
#      LUT6                        : 139
#      MUXCY                       : 38
#      MUXF7                       : 2
#      VCC                         : 1
#      XORCY                       : 40
# IO Buffers                       : 64
#      IBUF                        : 32
#      OBUF                        : 32

Device utilization summary:
---------------------------

Selected Device : 6vlx240tff1156-1 


Slice Logic Utilization: 
 Number of Slice LUTs:                  229  out of  150720     0%  
    Number used as Logic:               229  out of  150720     0%  

Slice Logic Distribution: 
 Number of LUT Flip Flop pairs used:    229
   Number with an unused Flip Flop:     229  out of    229   100%  
   Number with an unused LUT:             0  out of    229     0%  
   Number of fully used LUT-FF pairs:     0  out of    229     0%  
   Number of unique control sets:         0

IO Utilization: 
 Number of IOs:                          64
 Number of bonded IOBs:                  64  out of    600    10%  

Specific Feature Utilization:

---------------------------
Partition Resource Summary:
---------------------------

  No Partitions were found in this design.

---------------------------


=========================================================================
Timing Report

NOTE: THESE TIMING NUMBERS ARE ONLY A SYNTHESIS ESTIMATE.
      FOR ACCURATE TIMING INFORMATION PLEASE REFER TO THE TRACE REPORT
      GENERATED AFTER PLACE-and-ROUTE.

Clock Information:
------------------
No clock signals found in this design

Asynchronous Control Signals Information:
----------------------------------------
No asynchronous control signals found in this design

Timing Summary:
---------------
Speed Grade: -1

   Minimum period: No path found
   Minimum input arrival time before clock: No path found
   Maximum output required time after clock: No path found
   Maximum combinational path delay: 8.139ns

Timing Details:
---------------
All values displayed in nanoseconds (ns)

=========================================================================
Timing constraint: Default path analysis
  Total number of paths / destination ports: 573832 / 32
-------------------------------------------------------------------------
Delay:               8.139ns (Levels of Logic = 35)
  Source:            floating<30> (PAD)
  Destination:       fixed<21> (PAD)

  Data Path: floating<30> to fixed<21>
                                Gate     Net
    Cell:in->out      fanout   Delay   Delay  Logical Name (Net Name)
    ----------------------------------------  ------------
     IBUF:I->O            44   0.003   0.646  floating_30_IBUF (Mmux_shift_enable_rs_A<7>_mand)
     LUT2:I0->O            0   0.068   0.000  Mmux_shift_enable_A11 (Mmux_shift_enable_rs_A<0>)
     MUXCY:DI->O           1   0.223   0.000  Mmux_shift_enable_rs_cy<0> (Mmux_shift_enable_rs_cy<0>)
     MUXCY:CI->O           1   0.019   0.000  Mmux_shift_enable_rs_cy<1> (Mmux_shift_enable_rs_cy<1>)
     XORCY:CI->O          59   0.239   0.739  Mmux_shift_enable_rs_xor<2> (shift_enable<2>)
     LUT3:I0->O            1   0.068   0.417  negative_shift_out1_SW0 (N4)
     LUT6:I5->O           56   0.068   0.575  negative_shift_out1 (negative_shift_out)
     LUT2:I1->O           20   0.068   0.900  shift_enable[1]_negative_shift_out_AND_7_o20 (shift_enable[1]_negative_shift_out_AND_7_o)
     LUT6:I1->O            6   0.068   0.671  shift_enable[1]_negative_shift_out_AND_7_o181 (shift_enable[1]_negative_shift_out_AND_7_o_mmx_out8)
     LUT4:I0->O            4   0.068   0.601  shift_enable[2]_negative_shift_out_AND_8_o21 (shift_enable[2]_negative_shift_out_AND_8_o_mmx_out10)
     LUT6:I3->O            1   0.068   0.000  n0074<1>1 (n0074<1>)
     MUXCY:S->O            1   0.290   0.000  Madd_neg_signal_to_shift_5[38]_GND_6_o_add_20_OUT_cy<1> (Madd_neg_signal_to_shift_5[38]_GND_6_o_add_20_OUT_cy<1>)
     MUXCY:CI->O           1   0.020   0.000  Madd_neg_signal_to_shift_5[38]_GND_6_o_add_20_OUT_cy<2> (Madd_neg_signal_to_shift_5[38]_GND_6_o_add_20_OUT_cy<2>)
     MUXCY:CI->O           1   0.020   0.000  Madd_neg_signal_to_shift_5[38]_GND_6_o_add_20_OUT_cy<3> (Madd_neg_signal_to_shift_5[38]_GND_6_o_add_20_OUT_cy<3>)
     MUXCY:CI->O           1   0.020   0.000  Madd_neg_signal_to_shift_5[38]_GND_6_o_add_20_OUT_cy<4> (Madd_neg_signal_to_shift_5[38]_GND_6_o_add_20_OUT_cy<4>)
     MUXCY:CI->O           1   0.020   0.000  Madd_neg_signal_to_shift_5[38]_GND_6_o_add_20_OUT_cy<5> (Madd_neg_signal_to_shift_5[38]_GND_6_o_add_20_OUT_cy<5>)
     MUXCY:CI->O           1   0.020   0.000  Madd_neg_signal_to_shift_5[38]_GND_6_o_add_20_OUT_cy<6> (Madd_neg_signal_to_shift_5[38]_GND_6_o_add_20_OUT_cy<6>)
     MUXCY:CI->O           1   0.020   0.000  Madd_neg_signal_to_shift_5[38]_GND_6_o_add_20_OUT_cy<7> (Madd_neg_signal_to_shift_5[38]_GND_6_o_add_20_OUT_cy<7>)
     MUXCY:CI->O           1   0.020   0.000  Madd_neg_signal_to_shift_5[38]_GND_6_o_add_20_OUT_cy<8> (Madd_neg_signal_to_shift_5[38]_GND_6_o_add_20_OUT_cy<8>)
     MUXCY:CI->O           1   0.020   0.000  Madd_neg_signal_to_shift_5[38]_GND_6_o_add_20_OUT_cy<9> (Madd_neg_signal_to_shift_5[38]_GND_6_o_add_20_OUT_cy<9>)
     MUXCY:CI->O           1   0.020   0.000  Madd_neg_signal_to_shift_5[38]_GND_6_o_add_20_OUT_cy<10> (Madd_neg_signal_to_shift_5[38]_GND_6_o_add_20_OUT_cy<10>)
     MUXCY:CI->O           1   0.020   0.000  Madd_neg_signal_to_shift_5[38]_GND_6_o_add_20_OUT_cy<11> (Madd_neg_signal_to_shift_5[38]_GND_6_o_add_20_OUT_cy<11>)
     MUXCY:CI->O           1   0.020   0.000  Madd_neg_signal_to_shift_5[38]_GND_6_o_add_20_OUT_cy<12> (Madd_neg_signal_to_shift_5[38]_GND_6_o_add_20_OUT_cy<12>)
     MUXCY:CI->O           1   0.020   0.000  Madd_neg_signal_to_shift_5[38]_GND_6_o_add_20_OUT_cy<13> (Madd_neg_signal_to_shift_5[38]_GND_6_o_add_20_OUT_cy<13>)
     MUXCY:CI->O           1   0.020   0.000  Madd_neg_signal_to_shift_5[38]_GND_6_o_add_20_OUT_cy<14> (Madd_neg_signal_to_shift_5[38]_GND_6_o_add_20_OUT_cy<14>)
     MUXCY:CI->O           1   0.020   0.000  Madd_neg_signal_to_shift_5[38]_GND_6_o_add_20_OUT_cy<15> (Madd_neg_signal_to_shift_5[38]_GND_6_o_add_20_OUT_cy<15>)
     MUXCY:CI->O           1   0.020   0.000  Madd_neg_signal_to_shift_5[38]_GND_6_o_add_20_OUT_cy<16> (Madd_neg_signal_to_shift_5[38]_GND_6_o_add_20_OUT_cy<16>)
     MUXCY:CI->O           1   0.020   0.000  Madd_neg_signal_to_shift_5[38]_GND_6_o_add_20_OUT_cy<17> (Madd_neg_signal_to_shift_5[38]_GND_6_o_add_20_OUT_cy<17>)
     MUXCY:CI->O           1   0.020   0.000  Madd_neg_signal_to_shift_5[38]_GND_6_o_add_20_OUT_cy<18> (Madd_neg_signal_to_shift_5[38]_GND_6_o_add_20_OUT_cy<18>)
     MUXCY:CI->O           1   0.019   0.000  Madd_neg_signal_to_shift_5[38]_GND_6_o_add_20_OUT_cy<19> (Madd_neg_signal_to_shift_5[38]_GND_6_o_add_20_OUT_cy<19>)
     MUXCY:CI->O           1   0.020   0.000  Madd_neg_signal_to_shift_5[38]_GND_6_o_add_20_OUT_cy<20> (Madd_neg_signal_to_shift_5[38]_GND_6_o_add_20_OUT_cy<20>)
     XORCY:CI->O           1   0.239   0.775  Madd_neg_signal_to_shift_5[38]_GND_6_o_add_20_OUT_xor<21> (neg_signal_to_shift_5[38]_GND_6_o_add_20_OUT<21>)
     LUT6:I1->O            1   0.068   0.417  Mmux_fixed144_SW0 (N28)
     LUT6:I5->O            1   0.068   0.399  Mmux_fixed144 (fixed_21_OBUF)
     OBUF:I->O                 0.003          fixed_21_OBUF (fixed<21>)
    ----------------------------------------
    Total                      8.139ns (1.999ns logic, 6.140ns route)
                                       (24.6% logic, 75.4% route)

=========================================================================

Cross Clock Domains Report:
--------------------------

=========================================================================


Total REAL time to Xst completion: 11.00 secs
Total CPU time to Xst completion: 10.73 secs
 
--> 

Total memory usage is 156480 kilobytes

Number of errors   :    0 (   0 filtered)
Number of warnings :    0 (   0 filtered)
Number of infos    :    1 (   0 filtered)

